Android/hackathon-kit/app/build/outputs/logs/manifest-merger-debug-report.txt
-- Merging decision tree log ---
manifest
ADDED from src/main/AndroidManifest.xml:2:1-73:12
	package
		ADDED from src/main/AndroidManifest.xml:3:5-50
		INJECTED from src/main/AndroidManifest.xml
		INJECTED from src/main/AndroidManifest.xml
	android:versionName
		INJECTED from src/main/AndroidManifest.xml
		INJECTED from src/main/AndroidManifest.xml
	xmlns:android
		ADDED from src/main/AndroidManifest.xml:2:11-69
	android:versionCode
		INJECTED from src/main/AndroidManifest.xml
		INJECTED from src/main/AndroidManifest.xml
uses-permission#android.permission.INTERNET
ADDED from src/main/AndroidManifest.xml:5:5-67
	android:name
		ADDED from src/main/AndroidManifest.xml:5:22-64
uses-permission#android.permission.WAKE_LOCK
ADDED from src/main/AndroidManifest.xml:7:5-68
	android:name
		ADDED from src/main/AndroidManifest.xml:7:22-65
uses-permission#android.permission.ACCESS_NETWORK_STATE
ADDED from src/main/AndroidManifest.xml:9:5-79
	android:name
		ADDED from src/main/AndroidManifest.xml:9:22-76
uses-permission#android.permission.RECEIVE_BOOT_COMPLETED
ADDED from src/main/AndroidManifest.xml:11:5-81
	android:name
		ADDED from src/main/AndroidManifest.xml:11:22-78
application
ADDED from src/main/AndroidManifest.xml:13:5-71:19
MERGED from [com.android.support:recyclerview-v7:21.0.3] AndroidManifest.xml:17:5-19:19
MERGED from [org.lucasr.dspec:dspec:0.1.1] AndroidManifest.xml:8:5-20
MERGED from [com.github.markushi:android-ui:1.2] AndroidManifest.xml:9:5-10:19
MERGED from [com.android.support:appcompat-v7:21.0.3] AndroidManifest.xml:16:5-19
MERGED from [com.telly:mrvector:0.2.0] AndroidManifest.xml:11:5-20
MERGED from [me.tatarka.support:jobscheduler:0.1.1] AndroidManifest.xml:11:5-57:19
MERGED from [com.pkmmte.view:circularimageview:1.1] AndroidManifest.xml:11:5-20
MERGED from [com.android.support:gridlayout-v7:22.0.0] AndroidManifest.xml:22:5-20
MERGED from [com.android.support:support-v4:22.0.0] AndroidManifest.xml:22:5-20
	android:label
		ADDED from src/main/AndroidManifest.xml:17:9-41
	android:allowBackup
		ADDED from src/main/AndroidManifest.xml:15:9-35
	android:icon
		ADDED from src/main/AndroidManifest.xml:16:9-45
	android:theme
		ADDED from src/main/AndroidManifest.xml:18:9-40
	android:name
		ADDED from src/main/AndroidManifest.xml:14:9-73
activity#com.weiqilab.hackathon.hackathonkit.activities.ActivityMain
ADDED from src/main/AndroidManifest.xml:19:9-27:20
	android:label
		ADDED from src/main/AndroidManifest.xml:21:13-56
	android:name
		ADDED from src/main/AndroidManifest.xml:20:13-87
intent-filter#android.intent.action.MAIN+android.intent.category.LAUNCHER
ADDED from src/main/AndroidManifest.xml:22:13-26:29
action#android.intent.action.MAIN
ADDED from src/main/AndroidManifest.xml:23:17-69
	android:name
		ADDED from src/main/AndroidManifest.xml:23:25-66
category#android.intent.category.LAUNCHER
ADDED from src/main/AndroidManifest.xml:25:17-77
	android:name
		ADDED from src/main/AndroidManifest.xml:25:27-74
activity#com.weiqilab.hackathon.hackathonkit.activities.ActivityTouchEvent
ADDED from src/main/AndroidManifest.xml:28:9-34:20
	android:label
		ADDED from src/main/AndroidManifest.xml:30:13-55
	android:name
		ADDED from src/main/AndroidManifest.xml:29:13-93
meta-data#android.support.PARENT_ACTIVITY
ADDED from src/main/AndroidManifest.xml:31:13-33:95
	android:value
		ADDED from src/main/AndroidManifest.xml:33:17-92
	android:name
		ADDED from src/main/AndroidManifest.xml:32:17-63
activity#com.weiqilab.hackathon.hackathonkit.activities.ActivitySlidingTabLayout
ADDED from src/main/AndroidManifest.xml:35:9-38:20
	android:label
		ADDED from src/main/AndroidManifest.xml:37:13-78
	android:name
		ADDED from src/main/AndroidManifest.xml:36:13-99
activity#com.weiqilab.hackathon.hackathonkit.activities.ActivityVectorDrawable
ADDED from src/main/AndroidManifest.xml:39:9-42:20
	android:label
		ADDED from src/main/AndroidManifest.xml:41:13-63
	android:name
		ADDED from src/main/AndroidManifest.xml:40:13-97
service#com.weiqilab.hackathon.hackathonkit.services.ServiceMoviesBoxOffice
ADDED from src/main/AndroidManifest.xml:44:9-47:72
	android:exported
		ADDED from src/main/AndroidManifest.xml:46:13-36
	android:permission
		ADDED from src/main/AndroidManifest.xml:47:13-69
	android:name
		ADDED from src/main/AndroidManifest.xml:45:13-95
activity#com.weiqilab.hackathon.hackathonkit.activities.ActivityDynamicTabs
ADDED from src/main/AndroidManifest.xml:49:9-52:20
	android:label
		ADDED from src/main/AndroidManifest.xml:51:13-64
	android:name
		ADDED from src/main/AndroidManifest.xml:50:13-94
activity#com.weiqilab.hackathon.hackathonkit.activities.ActivityRecylerAnimators
ADDED from src/main/AndroidManifest.xml:53:9-56:20
	android:label
		ADDED from src/main/AndroidManifest.xml:55:13-76
	android:name
		ADDED from src/main/AndroidManifest.xml:54:13-99
activity#com.weiqilab.hackathon.hackathonkit.activities.ActivityA
ADDED from src/main/AndroidManifest.xml:57:9-60:20
	android:label
		ADDED from src/main/AndroidManifest.xml:59:13-68
	android:name
		ADDED from src/main/AndroidManifest.xml:58:13-84
activity#com.weiqilab.hackathon.hackathonkit.activities.ActivityB
ADDED from src/main/AndroidManifest.xml:61:9-64:20
	android:label
		ADDED from src/main/AndroidManifest.xml:63:13-67
	android:name
		ADDED from src/main/AndroidManifest.xml:62:13-84
activity#com.weiqilab.hackathon.hackathonkit.activities.ActivitySharedA
ADDED from src/main/AndroidManifest.xml:65:9-67:79
	android:label
		ADDED from src/main/AndroidManifest.xml:67:13-67
	android:name
		ADDED from src/main/AndroidManifest.xml:66:13-90
activity#com.weiqilab.hackathon.hackathonkit.activities.ActivitySharedB
ADDED from src/main/AndroidManifest.xml:68:9-70:81
	android:label
		ADDED from src/main/AndroidManifest.xml:70:13-69
	android:name
		ADDED from src/main/AndroidManifest.xml:69:13-90
uses-sdk
INJECTED from src/main/AndroidManifest.xml reason: use-sdk injection requested
MERGED from [com.android.support:recyclerview-v7:21.0.3] AndroidManifest.xml:15:5-42
MERGED from [org.lucasr.dspec:dspec:0.1.1] AndroidManifest.xml:6:5-43
MERGED from [it.neokree:MaterialTabs:0.11] AndroidManifest.xml:7:5-10:50
MERGED from [com.github.markushi:android-ui:1.2] AndroidManifest.xml:7:5-44
MERGED from [com.android.support:appcompat-v7:21.0.3] AndroidManifest.xml:15:5-42
MERGED from [com.telly:mrvector:0.2.0] AndroidManifest.xml:7:5-9:41
MERGED from [com.oguzdev:CircularFloatingActionMenu:1.0.2] AndroidManifest.xml:7:5-9:41
MERGED from [me.tatarka.support:jobscheduler:0.1.1] AndroidManifest.xml:7:5-9:41
MERGED from [jp.wasabeef:recyclerview-animators:1.1.0] AndroidManifest.xml:8:5-10:41
MERGED from [com.daimajia.easing:library:1.0.1] AndroidManifest.xml:8:5-10:41
MERGED from [com.daimajia.androidanimations:library:1.1.3] AndroidManifest.xml:8:5-10:41
MERGED from [com.pkmmte.view:circularimageview:1.1] AndroidManifest.xml:7:5-9:41
MERGED from [com.android.support:gridlayout-v7:22.0.0] AndroidManifest.xml:20:5-43
MERGED from [com.android.support:support-v4:22.0.0] AndroidManifest.xml:20:5-43
	tools:overrideLibrary
		ADDED from [it.neokree:MaterialTabs:0.11] AndroidManifest.xml:10:9-47
	android:targetSdkVersion
		INJECTED from src/main/AndroidManifest.xml
		INJECTED from src/main/AndroidManifest.xml
	android:minSdkVersion
		INJECTED from src/main/AndroidManifest.xml
		INJECTED from src/main/AndroidManifest.xml
activity#android.support.v7.widget.TestActivity
ADDED from [com.android.support:recyclerview-v7:21.0.3] AndroidManifest.xml:18:9-115
	android:label
		ADDED from [com.android.support:recyclerview-v7:21.0.3] AndroidManifest.xml:18:19-59
	android:name
		ADDED from [com.android.support:recyclerview-v7:21.0.3] AndroidManifest.xml:18:60-113
service#me.tatarka.support.internal.job.JobServiceCompat
ADDED from [me.tatarka.support:jobscheduler:0.1.1] AndroidManifest.xml:12:9-84
	android:name
		ADDED from [me.tatarka.support:jobscheduler:0.1.1] AndroidManifest.xml:12:18-81
service#me.tatarka.support.internal.job.JobSchedulerService
ADDED from [me.tatarka.support:jobscheduler:0.1.1] AndroidManifest.xml:13:9-87
	android:name
		ADDED from [me.tatarka.support:jobscheduler:0.1.1] AndroidManifest.xml:13:18-84
receiver#me.tatarka.support.internal.receivers.NetworkReceiver
ADDED from [me.tatarka.support:jobscheduler:0.1.1] AndroidManifest.xml:15:9-21:20
	android:enabled
		ADDED from [me.tatarka.support:jobscheduler:0.1.1] AndroidManifest.xml:17:13-36
	android:name
		ADDED from [me.tatarka.support:jobscheduler:0.1.1] AndroidManifest.xml:16:13-81
intent-filter#android.net.conn.CONNECTIVITY_CHANGE
ADDED from [me.tatarka.support:jobscheduler:0.1.1] AndroidManifest.xml:18:13-20:29
action#android.net.conn.CONNECTIVITY_CHANGE
ADDED from [me.tatarka.support:jobscheduler:0.1.1] AndroidManifest.xml:19:17-79
	android:name
		ADDED from [me.tatarka.support:jobscheduler:0.1.1] AndroidManifest.xml:19:25-76
receiver#me.tatarka.support.internal.receivers.PowerReceiver
ADDED from [me.tatarka.support:jobscheduler:0.1.1] AndroidManifest.xml:22:9-32:20
	android:enabled
		ADDED from [me.tatarka.support:jobscheduler:0.1.1] AndroidManifest.xml:24:13-36
	android:name
		ADDED from [me.tatarka.support:jobscheduler:0.1.1] AndroidManifest.xml:23:13-79
intent-filter#android.intent.action.ACTION_BATTERY_LOW+android.intent.action.ACTION_BATTERY_OKAY+android.intent.action.ACTION_POWER_CONNECTED+android.intent.action.ACTION_POWER_DISCONNECTED+me.tatarka.support.server.job.controllers.PowerReceiver.ACTION_CHARGING_STABLE
ADDED from [me.tatarka.support:jobscheduler:0.1.1] AndroidManifest.xml:25:13-31:29
action#android.intent.action.ACTION_BATTERY_LOW
ADDED from [me.tatarka.support:jobscheduler:0.1.1] AndroidManifest.xml:26:17-83
	android:name
		ADDED from [me.tatarka.support:jobscheduler:0.1.1] AndroidManifest.xml:26:25-80
action#android.intent.action.ACTION_BATTERY_OKAY
ADDED from [me.tatarka.support:jobscheduler:0.1.1] AndroidManifest.xml:27:17-84
	android:name
		ADDED from [me.tatarka.support:jobscheduler:0.1.1] AndroidManifest.xml:27:25-81
action#android.intent.action.ACTION_POWER_CONNECTED
ADDED from [me.tatarka.support:jobscheduler:0.1.1] AndroidManifest.xml:28:17-87
	android:name
		ADDED from [me.tatarka.support:jobscheduler:0.1.1] AndroidManifest.xml:28:25-84
action#android.intent.action.ACTION_POWER_DISCONNECTED
ADDED from [me.tatarka.support:jobscheduler:0.1.1] AndroidManifest.xml:29:17-90
	android:name
		ADDED from [me.tatarka.support:jobscheduler:0.1.1] AndroidManifest.xml:29:25-87
action#me.tatarka.support.server.job.controllers.PowerReceiver.ACTION_CHARGING_STABLE
ADDED from [me.tatarka.support:jobscheduler:0.1.1] AndroidManifest.xml:30:17-121
	android:name
		ADDED from [me.tatarka.support:jobscheduler:0.1.1] AndroidManifest.xml:30:25-118
receiver#me.tatarka.support.internal.receivers.BootReceiver
ADDED from [me.tatarka.support:jobscheduler:0.1.1] AndroidManifest.xml:33:9-39:20
	android:enabled
		ADDED from [me.tatarka.support:jobscheduler:0.1.1] AndroidManifest.xml:35:13-36
	android:name
		ADDED from [me.tatarka.support:jobscheduler:0.1.1] AndroidManifest.xml:34:13-78
intent-filter#android.intent.action.BOOT_COMPLETED
ADDED from [me.tatarka.support:jobscheduler:0.1.1] AndroidManifest.xml:36:13-38:29
action#android.intent.action.BOOT_COMPLETED
ADDED from [me.tatarka.support:jobscheduler:0.1.1] AndroidManifest.xml:37:17-79
	android:name
		ADDED from [me.tatarka.support:jobscheduler:0.1.1] AndroidManifest.xml:37:25-76
receiver#me.tatarka.support.internal.receivers.IdleReceiver
ADDED from [me.tatarka.support:jobscheduler:0.1.1] AndroidManifest.xml:40:9-48:20
	android:name
		ADDED from [me.tatarka.support:jobscheduler:0.1.1] AndroidManifest.xml:40:19-84
intent-filter#android.intent.action.DREAMING_STARTED+android.intent.action.DREAMING_STOPPED+android.intent.action.SCREEN_OFF+android.intent.action.SCREEN_ON+me.tatarka.support.server.job.controllers.IdleReceiver.ACTION_TRIGGER_IDLE
ADDED from [me.tatarka.support:jobscheduler:0.1.1] AndroidManifest.xml:41:13-47:29
action#android.intent.action.SCREEN_ON
ADDED from [me.tatarka.support:jobscheduler:0.1.1] AndroidManifest.xml:42:17-74
	android:name
		ADDED from [me.tatarka.support:jobscheduler:0.1.1] AndroidManifest.xml:42:25-71
action#android.intent.action.SCREEN_OFF
ADDED from [me.tatarka.support:jobscheduler:0.1.1] AndroidManifest.xml:43:17-75
	android:name
		ADDED from [me.tatarka.support:jobscheduler:0.1.1] AndroidManifest.xml:43:25-72
action#android.intent.action.DREAMING_STARTED
ADDED from [me.tatarka.support:jobscheduler:0.1.1] AndroidManifest.xml:44:17-81
	android:name
		ADDED from [me.tatarka.support:jobscheduler:0.1.1] AndroidManifest.xml:44:25-78
action#android.intent.action.DREAMING_STOPPED
ADDED from [me.tatarka.support:jobscheduler:0.1.1] AndroidManifest.xml:45:17-81
	android:name
		ADDED from [me.tatarka.support:jobscheduler:0.1.1] AndroidManifest.xml:45:25-78
action#me.tatarka.support.server.job.controllers.IdleReceiver.ACTION_TRIGGER_IDLE
ADDED from [me.tatarka.support:jobscheduler:0.1.1] AndroidManifest.xml:46:17-117
	android:name
		ADDED from [me.tatarka.support:jobscheduler:0.1.1] AndroidManifest.xml:46:25-114
receiver#me.tatarka.support.internal.receivers.TimeReceiver
ADDED from [me.tatarka.support:jobscheduler:0.1.1] AndroidManifest.xml:49:9-56:20
	android:exported
		ADDED from [me.tatarka.support:jobscheduler:0.1.1] AndroidManifest.xml:51:13-37
	android:name
		ADDED from [me.tatarka.support:jobscheduler:0.1.1] AndroidManifest.xml:50:13-78
intent-filter#me.tatarka.support.jobscheduler.JOB_DEADLINE_EXPIRED+me.tatarka.support.jobscheduler.JOB_DELAY_EXPIRED
ADDED from [me.tatarka.support:jobscheduler:0.1.1] AndroidManifest.xml:52:13-55:29
action#me.tatarka.support.jobscheduler.JOB_DEADLINE_EXPIRED
ADDED from [me.tatarka.support:jobscheduler:0.1.1] AndroidManifest.xml:53:17-95
	android:name
		ADDED from [me.tatarka.support:jobscheduler:0.1.1] AndroidManifest.xml:53:25-92
action#me.tatarka.support.jobscheduler.JOB_DELAY_EXPIRED
ADDED from [me.tatarka.support:jobscheduler:0.1.1] AndroidManifest.xml:54:17-92
	android:name
		ADDED from [me.tatarka.support:jobscheduler:0.1.1] AndroidManifest.xml:54:25-89